-- The C compiler identification is GNU 11.4.0
-- The CXX compiler identification is GNU 11.4.0
-- Detecting C compiler ABI info
-- Detecting C compiler ABI info - done
-- Check for working C compiler: /usr/bin/cc - skipped
-- Detecting C compile features
-- Detecting C compile features - done
-- Detecting CXX compiler ABI info
-- Detecting CXX compiler ABI info - done
-- Check for working CXX compiler: /usr/bin/c++ - skipped
-- Detecting CXX compile features
-- Detecting CXX compile features - done
-- Found ament_cmake: 1.3.11 (/opt/ros/humble/share/ament_cmake/cmake)
-- Found Python3: /usr/bin/python3 (found version "3.10.12") found components: Interpreter 
-- Override CMake install command with custom implementation using symlinks instead of copying resources
-- Found rclcpp: 16.0.11 (/opt/ros/humble/share/rclcpp/cmake)
-- Found rosidl_generator_c: 3.1.6 (/opt/ros/humble/share/rosidl_generator_c/cmake)
-- Found rosidl_adapter: 3.1.6 (/opt/ros/humble/share/rosidl_adapter/cmake)
-- Found rosidl_generator_cpp: 3.1.6 (/opt/ros/humble/share/rosidl_generator_cpp/cmake)
-- Using all available rosidl_typesupport_c: rosidl_typesupport_fastrtps_c;rosidl_typesupport_introspection_c
-- Using all available rosidl_typesupport_cpp: rosidl_typesupport_fastrtps_cpp;rosidl_typesupport_introspection_cpp
-- Found rmw_implementation_cmake: 6.1.2 (/opt/ros/humble/share/rmw_implementation_cmake/cmake)
-- Found rmw_fastrtps_cpp: 6.2.7 (/opt/ros/humble/share/rmw_fastrtps_cpp/cmake)
-- Found OpenSSL: /usr/lib/x86_64-linux-gnu/libcrypto.so (found version "3.0.2")  
-- Found FastRTPS: /opt/ros/humble/include  
-- Using RMW implementation 'rmw_fastrtps_cpp' as default
-- Looking for pthread.h
-- Looking for pthread.h - found
-- Performing Test CMAKE_HAVE_LIBC_PTHREAD
-- Performing Test CMAKE_HAVE_LIBC_PTHREAD - Success
-- Found Threads: TRUE  
-- Found px4_msgs: 2.0.1 (/home/ori/optitrack_ws/install/px4_msgs/share/px4_msgs/cmake)
-- Found geometry_msgs: 4.2.4 (/opt/ros/humble/share/geometry_msgs/cmake)
-- Found mocap4r2_msgs: 0.0.5 (/opt/ros/humble/share/mocap4r2_msgs/cmake)
-- Configuring done
-- Generating done
-- Build files have been written to: /home/ori/optitrack_ws/build/mocap_px4_bridge
[ 50%] [32mBuilding CXX object CMakeFiles/mocap_px4_bridge_ros2.dir/src/mocap_px4_bridge_ros2.cpp.o[0m
[100%] [32m[1mLinking CXX executable mocap_px4_bridge_ros2[0m
[100%] Built target mocap_px4_bridge_ros2
-- Install configuration: ""
-- Execute custom install script
-- Symlinking: /home/ori/optitrack_ws/install/mocap_px4_bridge/lib/mocap_px4_bridge/mocap_px4_bridge_ros2
-- Symlinking: /home/ori/optitrack_ws/install/mocap_px4_bridge/share/mocap_px4_bridge//launch/run.launch.py
-- Symlinking: /home/ori/optitrack_ws/install/mocap_px4_bridge/share/mocap_px4_bridge//config/params.yaml
-- Symlinking: /home/ori/optitrack_ws/install/mocap_px4_bridge/share/ament_index/resource_index/package_run_dependencies/mocap_px4_bridge
-- Symlinking: /home/ori/optitrack_ws/install/mocap_px4_bridge/share/ament_index/resource_index/parent_prefix_path/mocap_px4_bridge
-- Symlinking: /home/ori/optitrack_ws/install/mocap_px4_bridge/share/mocap_px4_bridge/environment/ament_prefix_path.sh
-- Symlinking: /home/ori/optitrack_ws/install/mocap_px4_bridge/share/mocap_px4_bridge/environment/ament_prefix_path.dsv
-- Symlinking: /home/ori/optitrack_ws/install/mocap_px4_bridge/share/mocap_px4_bridge/environment/path.sh
-- Symlinking: /home/ori/optitrack_ws/install/mocap_px4_bridge/share/mocap_px4_bridge/environment/path.dsv
-- Symlinking: /home/ori/optitrack_ws/install/mocap_px4_bridge/share/mocap_px4_bridge/local_setup.bash
-- Symlinking: /home/ori/optitrack_ws/install/mocap_px4_bridge/share/mocap_px4_bridge/local_setup.sh
-- Symlinking: /home/ori/optitrack_ws/install/mocap_px4_bridge/share/mocap_px4_bridge/local_setup.zsh
-- Symlinking: /home/ori/optitrack_ws/install/mocap_px4_bridge/share/mocap_px4_bridge/local_setup.dsv
-- Symlinking: /home/ori/optitrack_ws/install/mocap_px4_bridge/share/mocap_px4_bridge/package.dsv
-- Symlinking: /home/ori/optitrack_ws/install/mocap_px4_bridge/share/ament_index/resource_index/packages/mocap_px4_bridge
-- Symlinking: /home/ori/optitrack_ws/install/mocap_px4_bridge/share/mocap_px4_bridge/cmake/mocap_px4_bridgeConfig.cmake
-- Symlinking: /home/ori/optitrack_ws/install/mocap_px4_bridge/share/mocap_px4_bridge/cmake/mocap_px4_bridgeConfig-version.cmake
-- Symlinking: /home/ori/optitrack_ws/install/mocap_px4_bridge/share/mocap_px4_bridge/package.xml
