[0.011s] Invoking command in '/home/ori/optitrack_ws/build/mocap_px4_bridge': AMENT_PREFIX_PATH=/home/ori/optitrack_ws/install/px4_msgs:${AMENT_PREFIX_PATH} CMAKE_PREFIX_PATH=/home/ori/optitrack_ws/install/px4_msgs:/home/ori/ros2_ws/install/zed_ros2:/home/ori/ros2_ws/install/zed_robot_integration:/home/ori/ros2_ws/install/zed_multi_camera:/home/ori/ros2_ws/install/zed_display_rviz2:/home/ori/ros2_ws/install/zed_depth_to_laserscan:/home/ori/ros2_ws/install/zed_wrapper:/home/ori/ros2_ws/install/zed_tutorial_video:/home/ori/ros2_ws/install/zed_tutorial_pos_tracking:/home/ori/ros2_ws/install/zed_tutorial_depth:/home/ori/ros2_ws/install/zed_topic_benchmark:/home/ori/ros2_ws/install/zed_topic_benchmark_component:/home/ori/ros2_ws/install/zed_topic_benchmark_interfaces:/home/ori/ros2_ws/install/zed_rgb_convert:/home/ori/ros2_ws/install/zed_aruco_localization:/home/ori/ros2_ws/install/zed_components:/home/ori/ros2_ws/install/rviz_plugin_zed_od:/opt/ros/humble LD_LIBRARY_PATH=/home/ori/optitrack_ws/install/px4_msgs/lib:${LD_LIBRARY_PATH} PYTHONPATH=/home/ori/optitrack_ws/install/px4_msgs/local/lib/python3.10/dist-packages:${PYTHONPATH} /usr/bin/cmake /home/ori/optitrack_ws/src/mocap_px4_bridge -DAMENT_CMAKE_SYMLINK_INSTALL=1 -DCMAKE_INSTALL_PREFIX=/home/ori/optitrack_ws/install/mocap_px4_bridge
[0.076s] -- The C compiler identification is GNU 11.4.0
[0.135s] -- The CXX compiler identification is GNU 11.4.0
[0.141s] -- Detecting C compiler ABI info
[0.212s] -- Detecting C compiler ABI info - done
[0.222s] -- Check for working C compiler: /usr/bin/cc - skipped
[0.222s] -- Detecting C compile features
[0.223s] -- Detecting C compile features - done
[0.227s] -- Detecting CXX compiler ABI info
[0.311s] -- Detecting CXX compiler ABI info - done
[0.318s] -- Check for working CXX compiler: /usr/bin/c++ - skipped
[0.319s] -- Detecting CXX compile features
[0.319s] -- Detecting CXX compile features - done
[0.323s] -- Found ament_cmake: 1.3.11 (/opt/ros/humble/share/ament_cmake/cmake)
[0.498s] -- Found Python3: /usr/bin/python3 (found version "3.10.12") found components: Interpreter 
[0.542s] -- Override CMake install command with custom implementation using symlinks instead of copying resources
[0.569s] -- Found rclcpp: 16.0.11 (/opt/ros/humble/share/rclcpp/cmake)
[0.605s] -- Found rosidl_generator_c: 3.1.6 (/opt/ros/humble/share/rosidl_generator_c/cmake)
[0.609s] -- Found rosidl_adapter: 3.1.6 (/opt/ros/humble/share/rosidl_adapter/cmake)
[0.616s] -- Found rosidl_generator_cpp: 3.1.6 (/opt/ros/humble/share/rosidl_generator_cpp/cmake)
[0.626s] -- Using all available rosidl_typesupport_c: rosidl_typesupport_fastrtps_c;rosidl_typesupport_introspection_c
[0.638s] -- Using all available rosidl_typesupport_cpp: rosidl_typesupport_fastrtps_cpp;rosidl_typesupport_introspection_cpp
[0.675s] -- Found rmw_implementation_cmake: 6.1.2 (/opt/ros/humble/share/rmw_implementation_cmake/cmake)
[0.677s] -- Found rmw_fastrtps_cpp: 6.2.7 (/opt/ros/humble/share/rmw_fastrtps_cpp/cmake)
[0.773s] -- Found OpenSSL: /usr/lib/x86_64-linux-gnu/libcrypto.so (found version "3.0.2")  
[0.808s] -- Found FastRTPS: /opt/ros/humble/include  
[0.857s] -- Using RMW implementation 'rmw_fastrtps_cpp' as default
[0.868s] -- Looking for pthread.h
[0.951s] -- Looking for pthread.h - found
[0.952s] -- Performing Test CMAKE_HAVE_LIBC_PTHREAD
[1.039s] -- Performing Test CMAKE_HAVE_LIBC_PTHREAD - Success
[1.040s] -- Found Threads: TRUE  
[1.077s] -- Found px4_msgs: 2.0.1 (/home/ori/optitrack_ws/install/px4_msgs/share/px4_msgs/cmake)
[1.086s] -- Found geometry_msgs: 4.2.4 (/opt/ros/humble/share/geometry_msgs/cmake)
[1.096s] -- Found mocap4r2_msgs: 0.0.5 (/opt/ros/humble/share/mocap4r2_msgs/cmake)
[1.162s] -- Configuring done
[1.168s] -- Generating done
[1.170s] -- Build files have been written to: /home/ori/optitrack_ws/build/mocap_px4_bridge
[1.178s] Invoked command in '/home/ori/optitrack_ws/build/mocap_px4_bridge' returned '0': AMENT_PREFIX_PATH=/home/ori/optitrack_ws/install/px4_msgs:${AMENT_PREFIX_PATH} CMAKE_PREFIX_PATH=/home/ori/optitrack_ws/install/px4_msgs:/home/ori/ros2_ws/install/zed_ros2:/home/ori/ros2_ws/install/zed_robot_integration:/home/ori/ros2_ws/install/zed_multi_camera:/home/ori/ros2_ws/install/zed_display_rviz2:/home/ori/ros2_ws/install/zed_depth_to_laserscan:/home/ori/ros2_ws/install/zed_wrapper:/home/ori/ros2_ws/install/zed_tutorial_video:/home/ori/ros2_ws/install/zed_tutorial_pos_tracking:/home/ori/ros2_ws/install/zed_tutorial_depth:/home/ori/ros2_ws/install/zed_topic_benchmark:/home/ori/ros2_ws/install/zed_topic_benchmark_component:/home/ori/ros2_ws/install/zed_topic_benchmark_interfaces:/home/ori/ros2_ws/install/zed_rgb_convert:/home/ori/ros2_ws/install/zed_aruco_localization:/home/ori/ros2_ws/install/zed_components:/home/ori/ros2_ws/install/rviz_plugin_zed_od:/opt/ros/humble LD_LIBRARY_PATH=/home/ori/optitrack_ws/install/px4_msgs/lib:${LD_LIBRARY_PATH} PYTHONPATH=/home/ori/optitrack_ws/install/px4_msgs/local/lib/python3.10/dist-packages:${PYTHONPATH} /usr/bin/cmake /home/ori/optitrack_ws/src/mocap_px4_bridge -DAMENT_CMAKE_SYMLINK_INSTALL=1 -DCMAKE_INSTALL_PREFIX=/home/ori/optitrack_ws/install/mocap_px4_bridge
[1.180s] Invoking command in '/home/ori/optitrack_ws/build/mocap_px4_bridge': AMENT_PREFIX_PATH=/home/ori/optitrack_ws/install/px4_msgs:${AMENT_PREFIX_PATH} CMAKE_PREFIX_PATH=/home/ori/optitrack_ws/install/px4_msgs:/home/ori/ros2_ws/install/zed_ros2:/home/ori/ros2_ws/install/zed_robot_integration:/home/ori/ros2_ws/install/zed_multi_camera:/home/ori/ros2_ws/install/zed_display_rviz2:/home/ori/ros2_ws/install/zed_depth_to_laserscan:/home/ori/ros2_ws/install/zed_wrapper:/home/ori/ros2_ws/install/zed_tutorial_video:/home/ori/ros2_ws/install/zed_tutorial_pos_tracking:/home/ori/ros2_ws/install/zed_tutorial_depth:/home/ori/ros2_ws/install/zed_topic_benchmark:/home/ori/ros2_ws/install/zed_topic_benchmark_component:/home/ori/ros2_ws/install/zed_topic_benchmark_interfaces:/home/ori/ros2_ws/install/zed_rgb_convert:/home/ori/ros2_ws/install/zed_aruco_localization:/home/ori/ros2_ws/install/zed_components:/home/ori/ros2_ws/install/rviz_plugin_zed_od:/opt/ros/humble LD_LIBRARY_PATH=/home/ori/optitrack_ws/install/px4_msgs/lib:${LD_LIBRARY_PATH} PYTHONPATH=/home/ori/optitrack_ws/install/px4_msgs/local/lib/python3.10/dist-packages:${PYTHONPATH} /usr/bin/cmake --build /home/ori/optitrack_ws/build/mocap_px4_bridge -- -j20 -l20
[1.240s] [ 50%] [32mBuilding CXX object CMakeFiles/mocap_px4_bridge_ros2.dir/src/mocap_px4_bridge_ros2.cpp.o[0m
[6.412s] [100%] [32m[1mLinking CXX executable mocap_px4_bridge_ros2[0m
[6.692s] [100%] Built target mocap_px4_bridge_ros2
[6.706s] Invoked command in '/home/ori/optitrack_ws/build/mocap_px4_bridge' returned '0': AMENT_PREFIX_PATH=/home/ori/optitrack_ws/install/px4_msgs:${AMENT_PREFIX_PATH} CMAKE_PREFIX_PATH=/home/ori/optitrack_ws/install/px4_msgs:/home/ori/ros2_ws/install/zed_ros2:/home/ori/ros2_ws/install/zed_robot_integration:/home/ori/ros2_ws/install/zed_multi_camera:/home/ori/ros2_ws/install/zed_display_rviz2:/home/ori/ros2_ws/install/zed_depth_to_laserscan:/home/ori/ros2_ws/install/zed_wrapper:/home/ori/ros2_ws/install/zed_tutorial_video:/home/ori/ros2_ws/install/zed_tutorial_pos_tracking:/home/ori/ros2_ws/install/zed_tutorial_depth:/home/ori/ros2_ws/install/zed_topic_benchmark:/home/ori/ros2_ws/install/zed_topic_benchmark_component:/home/ori/ros2_ws/install/zed_topic_benchmark_interfaces:/home/ori/ros2_ws/install/zed_rgb_convert:/home/ori/ros2_ws/install/zed_aruco_localization:/home/ori/ros2_ws/install/zed_components:/home/ori/ros2_ws/install/rviz_plugin_zed_od:/opt/ros/humble LD_LIBRARY_PATH=/home/ori/optitrack_ws/install/px4_msgs/lib:${LD_LIBRARY_PATH} PYTHONPATH=/home/ori/optitrack_ws/install/px4_msgs/local/lib/python3.10/dist-packages:${PYTHONPATH} /usr/bin/cmake --build /home/ori/optitrack_ws/build/mocap_px4_bridge -- -j20 -l20
[6.719s] Invoking command in '/home/ori/optitrack_ws/build/mocap_px4_bridge': AMENT_PREFIX_PATH=/home/ori/optitrack_ws/install/px4_msgs:${AMENT_PREFIX_PATH} CMAKE_PREFIX_PATH=/home/ori/optitrack_ws/install/px4_msgs:/home/ori/ros2_ws/install/zed_ros2:/home/ori/ros2_ws/install/zed_robot_integration:/home/ori/ros2_ws/install/zed_multi_camera:/home/ori/ros2_ws/install/zed_display_rviz2:/home/ori/ros2_ws/install/zed_depth_to_laserscan:/home/ori/ros2_ws/install/zed_wrapper:/home/ori/ros2_ws/install/zed_tutorial_video:/home/ori/ros2_ws/install/zed_tutorial_pos_tracking:/home/ori/ros2_ws/install/zed_tutorial_depth:/home/ori/ros2_ws/install/zed_topic_benchmark:/home/ori/ros2_ws/install/zed_topic_benchmark_component:/home/ori/ros2_ws/install/zed_topic_benchmark_interfaces:/home/ori/ros2_ws/install/zed_rgb_convert:/home/ori/ros2_ws/install/zed_aruco_localization:/home/ori/ros2_ws/install/zed_components:/home/ori/ros2_ws/install/rviz_plugin_zed_od:/opt/ros/humble LD_LIBRARY_PATH=/home/ori/optitrack_ws/install/px4_msgs/lib:${LD_LIBRARY_PATH} PYTHONPATH=/home/ori/optitrack_ws/install/px4_msgs/local/lib/python3.10/dist-packages:${PYTHONPATH} /usr/bin/cmake --install /home/ori/optitrack_ws/build/mocap_px4_bridge
[6.729s] -- Install configuration: ""
[6.729s] -- Execute custom install script
[6.730s] -- Symlinking: /home/ori/optitrack_ws/install/mocap_px4_bridge/lib/mocap_px4_bridge/mocap_px4_bridge_ros2
[6.743s] -- Symlinking: /home/ori/optitrack_ws/install/mocap_px4_bridge/share/mocap_px4_bridge//launch/run.launch.py
[6.754s] -- Symlinking: /home/ori/optitrack_ws/install/mocap_px4_bridge/share/mocap_px4_bridge//config/params.yaml
[6.766s] -- Symlinking: /home/ori/optitrack_ws/install/mocap_px4_bridge/share/ament_index/resource_index/package_run_dependencies/mocap_px4_bridge
[6.776s] -- Symlinking: /home/ori/optitrack_ws/install/mocap_px4_bridge/share/ament_index/resource_index/parent_prefix_path/mocap_px4_bridge
[6.787s] -- Symlinking: /home/ori/optitrack_ws/install/mocap_px4_bridge/share/mocap_px4_bridge/environment/ament_prefix_path.sh
[6.797s] -- Symlinking: /home/ori/optitrack_ws/install/mocap_px4_bridge/share/mocap_px4_bridge/environment/ament_prefix_path.dsv
[6.809s] -- Symlinking: /home/ori/optitrack_ws/install/mocap_px4_bridge/share/mocap_px4_bridge/environment/path.sh
[6.817s] -- Symlinking: /home/ori/optitrack_ws/install/mocap_px4_bridge/share/mocap_px4_bridge/environment/path.dsv
[6.825s] -- Symlinking: /home/ori/optitrack_ws/install/mocap_px4_bridge/share/mocap_px4_bridge/local_setup.bash
[6.833s] -- Symlinking: /home/ori/optitrack_ws/install/mocap_px4_bridge/share/mocap_px4_bridge/local_setup.sh
[6.839s] -- Symlinking: /home/ori/optitrack_ws/install/mocap_px4_bridge/share/mocap_px4_bridge/local_setup.zsh
[6.848s] -- Symlinking: /home/ori/optitrack_ws/install/mocap_px4_bridge/share/mocap_px4_bridge/local_setup.dsv
[6.857s] -- Symlinking: /home/ori/optitrack_ws/install/mocap_px4_bridge/share/mocap_px4_bridge/package.dsv
[6.867s] -- Symlinking: /home/ori/optitrack_ws/install/mocap_px4_bridge/share/ament_index/resource_index/packages/mocap_px4_bridge
[6.878s] -- Symlinking: /home/ori/optitrack_ws/install/mocap_px4_bridge/share/mocap_px4_bridge/cmake/mocap_px4_bridgeConfig.cmake
[6.888s] -- Symlinking: /home/ori/optitrack_ws/install/mocap_px4_bridge/share/mocap_px4_bridge/cmake/mocap_px4_bridgeConfig-version.cmake
[6.895s] -- Symlinking: /home/ori/optitrack_ws/install/mocap_px4_bridge/share/mocap_px4_bridge/package.xml
[6.906s] Invoked command in '/home/ori/optitrack_ws/build/mocap_px4_bridge' returned '0': AMENT_PREFIX_PATH=/home/ori/optitrack_ws/install/px4_msgs:${AMENT_PREFIX_PATH} CMAKE_PREFIX_PATH=/home/ori/optitrack_ws/install/px4_msgs:/home/ori/ros2_ws/install/zed_ros2:/home/ori/ros2_ws/install/zed_robot_integration:/home/ori/ros2_ws/install/zed_multi_camera:/home/ori/ros2_ws/install/zed_display_rviz2:/home/ori/ros2_ws/install/zed_depth_to_laserscan:/home/ori/ros2_ws/install/zed_wrapper:/home/ori/ros2_ws/install/zed_tutorial_video:/home/ori/ros2_ws/install/zed_tutorial_pos_tracking:/home/ori/ros2_ws/install/zed_tutorial_depth:/home/ori/ros2_ws/install/zed_topic_benchmark:/home/ori/ros2_ws/install/zed_topic_benchmark_component:/home/ori/ros2_ws/install/zed_topic_benchmark_interfaces:/home/ori/ros2_ws/install/zed_rgb_convert:/home/ori/ros2_ws/install/zed_aruco_localization:/home/ori/ros2_ws/install/zed_components:/home/ori/ros2_ws/install/rviz_plugin_zed_od:/opt/ros/humble LD_LIBRARY_PATH=/home/ori/optitrack_ws/install/px4_msgs/lib:${LD_LIBRARY_PATH} PYTHONPATH=/home/ori/optitrack_ws/install/px4_msgs/local/lib/python3.10/dist-packages:${PYTHONPATH} /usr/bin/cmake --install /home/ori/optitrack_ws/build/mocap_px4_bridge
